{
  "stats": {
    "suites": 1,
    "tests": 1,
    "passes": 1,
    "pending": 0,
    "failures": 0,
    "start": "2022-09-20T08:11:45.621Z",
    "end": "2022-09-20T08:11:57.570Z",
    "duration": 11949,
    "testsRegistered": 1,
    "passPercent": 100,
    "pendingPercent": 0,
    "other": 0,
    "hasOther": false,
    "skipped": 0,
    "hasSkipped": false
  },
  "results": [
    {
      "uuid": "a4e1796d-fb5c-41ca-aa3b-56a6a109f288",
      "title": "",
      "fullFile": "cypress/integration/examplePageObjectModel.js",
      "file": "cypress/integration/examplePageObjectModel.js",
      "beforeHooks": [],
      "afterHooks": [],
      "tests": [],
      "suites": [
        {
          "uuid": "b056c5df-35e6-41d2-8e81-b0e2b705199a",
          "title": "E2E - Akcja wybrania opcji select",
          "fullFile": "",
          "file": "",
          "beforeHooks": [],
          "afterHooks": [],
          "tests": [
            {
              "title": "Choose all options",
              "fullTitle": "E2E - Akcja wybrania opcji select Choose all options",
              "timedOut": null,
              "duration": 11891,
              "state": "passed",
              "speed": "slow",
              "pass": true,
              "fail": false,
              "pending": false,
              "context": null,
              "code": "cy.visit(\"/index.php?id_category=3&controller=category#/\");\n_selectPage.default.selectAllOption(); // cy.get(\"#selectProductSort\").then(select => {\n//     cy.wrap(select).find(\"option\").each(option => {\n//         cy.wrap(select).select(option.text())\n//     })\n// })",
              "err": {},
              "uuid": "ef01f52f-915e-4b49-bbdc-5640401ad6e6",
              "parentUUID": "b056c5df-35e6-41d2-8e81-b0e2b705199a",
              "isHook": false,
              "skipped": false
            }
          ],
          "suites": [],
          "passes": [
            "ef01f52f-915e-4b49-bbdc-5640401ad6e6"
          ],
          "failures": [],
          "pending": [],
          "skipped": [],
          "duration": 11891,
          "root": false,
          "rootEmpty": false,
          "_timeout": 2000
        }
      ],
      "passes": [],
      "failures": [],
      "pending": [],
      "skipped": [],
      "duration": 0,
      "root": true,
      "rootEmpty": true,
      "_timeout": 2000
    }
  ],
  "meta": {
    "mocha": {
      "version": "7.0.1"
    },
    "mochawesome": {
      "options": {
        "quiet": false,
        "reportFilename": "mochawesome",
        "saveHtml": false,
        "saveJson": true,
        "consoleReporter": "spec",
        "useInlineDiffs": false,
        "code": true
      },
      "version": "7.1.3"
    },
    "marge": {
      "options": {
        "id": "default",
        "reportDir": "cypress/results/mochawesome",
        "overwrite": false,
        "html": false,
        "json": true
      },
      "version": "6.2.0"
    }
  }
}