{
  "stats": {
    "suites": 1,
    "tests": 1,
    "passes": 1,
    "pending": 0,
    "failures": 0,
    "start": "2022-09-21T12:43:05.096Z",
    "end": "2022-09-21T12:43:15.479Z",
    "duration": 10383,
    "testsRegistered": 1,
    "passPercent": 100,
    "pendingPercent": 0,
    "other": 0,
    "hasOther": false,
    "skipped": 0,
    "hasSkipped": false
  },
  "results": [
    {
      "uuid": "cfc09823-0458-410c-abbd-3d2b0a69b30b",
      "title": "",
      "fullFile": "cypress/integration/visualTesting.js",
      "file": "cypress/integration/visualTesting.js",
      "beforeHooks": [],
      "afterHooks": [],
      "tests": [],
      "suites": [
        {
          "uuid": "cf18493d-832f-4863-bcd1-c6f1832d7cd1",
          "title": "Visual Regression",
          "fullFile": "",
          "file": "",
          "beforeHooks": [],
          "afterHooks": [],
          "tests": [
            {
              "title": "Wczytywanie sie elementu",
              "fullTitle": "Visual Regression Wczytywanie sie elementu",
              "timedOut": null,
              "duration": 7198,
              "state": "passed",
              "speed": "medium",
              "pass": true,
              "fail": false,
              "pending": false,
              "context": null,
              "code": "cy.visit(\"https://picsum.photos/\"); // cy.get('header.content-section-light').then(image => {\n//     cy.wrap(image).toMatchImageSnapshot();\n// })\ncy.percySnapshot();",
              "err": {},
              "uuid": "d4208237-d80e-4875-8932-fa183e1c57d9",
              "parentUUID": "cf18493d-832f-4863-bcd1-c6f1832d7cd1",
              "isHook": false,
              "skipped": false
            }
          ],
          "suites": [],
          "passes": [
            "d4208237-d80e-4875-8932-fa183e1c57d9"
          ],
          "failures": [],
          "pending": [],
          "skipped": [],
          "duration": 7198,
          "root": false,
          "rootEmpty": false,
          "_timeout": 2000
        }
      ],
      "passes": [],
      "failures": [],
      "pending": [],
      "skipped": [],
      "duration": 0,
      "root": true,
      "rootEmpty": true,
      "_timeout": 2000
    }
  ],
  "meta": {
    "mocha": {
      "version": "7.0.1"
    },
    "mochawesome": {
      "options": {
        "quiet": false,
        "reportFilename": "mochawesome",
        "saveHtml": false,
        "saveJson": true,
        "consoleReporter": "spec",
        "useInlineDiffs": false,
        "code": true
      },
      "version": "7.1.3"
    },
    "marge": {
      "options": {
        "id": "default",
        "reportDir": "cypress/results/mochawesome",
        "overwrite": false,
        "html": false,
        "json": true
      },
      "version": "6.2.0"
    }
  }
}