{
  "stats": {
    "suites": 1,
    "tests": 2,
    "passes": 2,
    "pending": 0,
    "failures": 0,
    "start": "2022-09-20T08:11:08.404Z",
    "end": "2022-09-20T08:11:10.797Z",
    "duration": 2393,
    "testsRegistered": 2,
    "passPercent": 100,
    "pendingPercent": 0,
    "other": 0,
    "hasOther": false,
    "skipped": 0,
    "hasSkipped": false
  },
  "results": [
    {
      "uuid": "994c7c55-7049-4ca7-9ff3-695c7bc58d59",
      "title": "",
      "fullFile": "cypress/integration/alert.js",
      "file": "cypress/integration/alert.js",
      "beforeHooks": [],
      "afterHooks": [],
      "tests": [],
      "suites": [
        {
          "uuid": "b3770817-4149-44eb-94a9-d58a82c867c6",
          "title": "E2E - alerts",
          "fullFile": "",
          "file": "",
          "beforeHooks": [],
          "afterHooks": [],
          "tests": [
            {
              "title": "alerts",
              "fullTitle": "E2E - alerts alerts",
              "timedOut": null,
              "duration": 275,
              "state": "passed",
              "speed": "fast",
              "pass": true,
              "fail": false,
              "pending": false,
              "context": null,
              "code": "cy.visit(\"https://testowanie-oprogramowania.pl/lekcje/alerty/\");\n_alertPage.default.clickOnAlert1();\n_alertPage.default.verifyAlertText(\"Przykładowa treść alertu\");",
              "err": {},
              "uuid": "52245ce0-898a-4873-a537-caab8025ee3e",
              "parentUUID": "b3770817-4149-44eb-94a9-d58a82c867c6",
              "isHook": false,
              "skipped": false
            },
            {
              "title": "Alert confirm",
              "fullTitle": "E2E - alerts Alert confirm",
              "timedOut": null,
              "duration": 102,
              "state": "passed",
              "speed": "fast",
              "pass": true,
              "fail": false,
              "pending": false,
              "context": null,
              "code": "_alertPage.default.clickOnAlert2();\n_alertPage.default.verifyAlertConfirmText();\n_alertPage.default.acceptAlert();",
              "err": {},
              "uuid": "490c6cad-b672-48ce-ac17-1af50b0de9e4",
              "parentUUID": "b3770817-4149-44eb-94a9-d58a82c867c6",
              "isHook": false,
              "skipped": false
            }
          ],
          "suites": [],
          "passes": [
            "52245ce0-898a-4873-a537-caab8025ee3e",
            "490c6cad-b672-48ce-ac17-1af50b0de9e4"
          ],
          "failures": [],
          "pending": [],
          "skipped": [],
          "duration": 377,
          "root": false,
          "rootEmpty": false,
          "_timeout": 2000
        }
      ],
      "passes": [],
      "failures": [],
      "pending": [],
      "skipped": [],
      "duration": 0,
      "root": true,
      "rootEmpty": true,
      "_timeout": 2000
    }
  ],
  "meta": {
    "mocha": {
      "version": "7.0.1"
    },
    "mochawesome": {
      "options": {
        "quiet": false,
        "reportFilename": "mochawesome",
        "saveHtml": false,
        "saveJson": true,
        "consoleReporter": "spec",
        "useInlineDiffs": false,
        "code": true
      },
      "version": "7.1.3"
    },
    "marge": {
      "options": {
        "id": "default",
        "reportDir": "cypress/results/mochawesome",
        "overwrite": false,
        "html": false,
        "json": true
      },
      "version": "6.2.0"
    }
  }
}