{
  "stats": {
    "suites": 1,
    "tests": 1,
    "passes": 1,
    "pending": 0,
    "failures": 0,
    "start": "2022-09-20T08:12:17.581Z",
    "end": "2022-09-20T08:12:36.108Z",
    "duration": 18527,
    "testsRegistered": 1,
    "passPercent": 100,
    "pendingPercent": 0,
    "other": 0,
    "hasOther": false,
    "skipped": 0,
    "hasSkipped": false
  },
  "results": [
    {
      "uuid": "bc6ed688-aea8-4add-9b40-536dbe870847",
      "title": "",
      "fullFile": "cypress/integration/klikniecie.js",
      "file": "cypress/integration/klikniecie.js",
      "beforeHooks": [],
      "afterHooks": [],
      "tests": [],
      "suites": [
        {
          "uuid": "9fa5360c-1753-4c3f-8b7e-285e028cf584",
          "title": "E2E - Akcje kliknięcia",
          "fullFile": "",
          "file": "",
          "beforeHooks": [],
          "afterHooks": [],
          "tests": [
            {
              "title": "Klikniecie na element",
              "fullTitle": "E2E - Akcje kliknięcia Klikniecie na element",
              "timedOut": null,
              "duration": 18451,
              "state": "passed",
              "speed": "slow",
              "pass": true,
              "fail": false,
              "pending": false,
              "context": null,
              "code": "cy.visit(\"/\");\ncy.contains('[title=\"Contact Us\"]', 'Contact us').click();\ncy.get('[title=\"Return to Home\"]').click();",
              "err": {},
              "uuid": "7702e6de-33d7-4ba0-8613-c86bb271d5bb",
              "parentUUID": "9fa5360c-1753-4c3f-8b7e-285e028cf584",
              "isHook": false,
              "skipped": false
            }
          ],
          "suites": [],
          "passes": [
            "7702e6de-33d7-4ba0-8613-c86bb271d5bb"
          ],
          "failures": [],
          "pending": [],
          "skipped": [],
          "duration": 18451,
          "root": false,
          "rootEmpty": false,
          "_timeout": 2000
        }
      ],
      "passes": [],
      "failures": [],
      "pending": [],
      "skipped": [],
      "duration": 0,
      "root": true,
      "rootEmpty": true,
      "_timeout": 2000
    }
  ],
  "meta": {
    "mocha": {
      "version": "7.0.1"
    },
    "mochawesome": {
      "options": {
        "quiet": false,
        "reportFilename": "mochawesome",
        "saveHtml": false,
        "saveJson": true,
        "consoleReporter": "spec",
        "useInlineDiffs": false,
        "code": true
      },
      "version": "7.1.3"
    },
    "marge": {
      "options": {
        "id": "default",
        "reportDir": "cypress/results/mochawesome",
        "overwrite": false,
        "html": false,
        "json": true
      },
      "version": "6.2.0"
    }
  }
}