{
  "stats": {
    "suites": 1,
    "tests": 3,
    "passes": 3,
    "pending": 0,
    "failures": 0,
    "start": "2022-09-20T08:10:56.381Z",
    "end": "2022-09-20T08:11:04.897Z",
    "duration": 8516,
    "testsRegistered": 3,
    "passPercent": 100,
    "pendingPercent": 0,
    "other": 0,
    "hasOther": false,
    "skipped": 0,
    "hasSkipped": false
  },
  "results": [
    {
      "uuid": "50d7f627-c29d-4a61-8dab-516a6fa6b955",
      "title": "",
      "fullFile": "cypress/integration/API/pierwszyTestAPI.js",
      "file": "cypress/integration/API/pierwszyTestAPI.js",
      "beforeHooks": [],
      "afterHooks": [],
      "tests": [],
      "suites": [
        {
          "uuid": "39c79696-93bd-40bf-97cb-adfd7279f887",
          "title": "E2E - Testy API",
          "fullFile": "",
          "file": "",
          "beforeHooks": [],
          "afterHooks": [],
          "tests": [
            {
              "title": "Weryfikacja tagów API",
              "fullTitle": "E2E - Testy API Weryfikacja tagów API",
              "timedOut": null,
              "duration": 2863,
              "state": "passed",
              "speed": "fast",
              "pass": true,
              "fail": false,
              "pending": false,
              "context": null,
              "code": "cy.intercept(\"GET\", \"https://api.realworld.io/api/tags\").as(\"requestTag\");\ncy.visit(\"https://angular.realworld.io/\");\ncy.wait(\"@requestTag\");\ncy.get(\"@requestTag\").then(res => {\n  console.log(res);\n  expect(res.response.statusCode).to.equal(200);\n  expect(res.response.body.tags).to.contain(\"welcome\").and.to.contain(\"implementations\").and.to.contain(\"introduction\").and.to.contain(\"codebaseShow\");\n});",
              "err": {},
              "uuid": "d9823924-860b-44e4-a808-c3c313f30ce8",
              "parentUUID": "39c79696-93bd-40bf-97cb-adfd7279f887",
              "isHook": false,
              "skipped": false
            },
            {
              "title": "Niepoprawne logowanie",
              "fullTitle": "E2E - Testy API Niepoprawne logowanie",
              "timedOut": null,
              "duration": 1479,
              "state": "passed",
              "speed": "fast",
              "pass": true,
              "fail": false,
              "pending": false,
              "context": null,
              "code": "cy.intercept(\"POST\", \"https://api.realworld.io/api/users/login\").as(\"requestLogin\");\ncy.get(\"a.nav-link\").contains(\"Sign in\").click();\ncy.login(\"test@gmail.com\", \"1234$\");\ncy.wait(\"@requestLogin\");\ncy.get(\"@requestLogin\").then(res => {\n  console.log(res);\n  expect(res.response.statusCode).to.equal(403);\n  expect(res.response.statusMessage).to.equal(this.daneApi.statusMessage403);\n});",
              "err": {},
              "uuid": "1f01c93b-bd19-4ac5-b743-5262079ac923",
              "parentUUID": "39c79696-93bd-40bf-97cb-adfd7279f887",
              "isHook": false,
              "skipped": false
            },
            {
              "title": "Poprawne logowanie oraz weryfikacja tagów po mocowaniu",
              "fullTitle": "E2E - Testy API Poprawne logowanie oraz weryfikacja tagów po mocowaniu",
              "timedOut": null,
              "duration": 1935,
              "state": "passed",
              "speed": "fast",
              "pass": true,
              "fail": false,
              "pending": false,
              "context": null,
              "code": "cy.intercept(\"GET\", \"https://api.realworld.io/api/tags\", {\n  fixture: 'tags.json'\n}).as(\"requestTag\");\ncy.login(\"pr.majerczyk@gmail.com\", \"Patryk123\");\ncy.wait(\"@requestTag\");\ncy.get(\"@requestTag\").then(res => {\n  console.log(res);\n  expect(res.response.statusCode).to.equal(200);\n  expect(res.response.body.tags).to.contain(\"main\").and.to.contain(\"dogs\").and.to.contain(\"introduction\").and.to.contain(\"cats\");\n});",
              "err": {},
              "uuid": "5ebbd31f-62bb-42bb-bea6-dfd95fd4ff78",
              "parentUUID": "39c79696-93bd-40bf-97cb-adfd7279f887",
              "isHook": false,
              "skipped": false
            }
          ],
          "suites": [],
          "passes": [
            "d9823924-860b-44e4-a808-c3c313f30ce8",
            "1f01c93b-bd19-4ac5-b743-5262079ac923",
            "5ebbd31f-62bb-42bb-bea6-dfd95fd4ff78"
          ],
          "failures": [],
          "pending": [],
          "skipped": [],
          "duration": 6277,
          "root": false,
          "rootEmpty": false,
          "_timeout": 2000
        }
      ],
      "passes": [],
      "failures": [],
      "pending": [],
      "skipped": [],
      "duration": 0,
      "root": true,
      "rootEmpty": true,
      "_timeout": 2000
    }
  ],
  "meta": {
    "mocha": {
      "version": "7.0.1"
    },
    "mochawesome": {
      "options": {
        "quiet": false,
        "reportFilename": "mochawesome",
        "saveHtml": false,
        "saveJson": true,
        "consoleReporter": "spec",
        "useInlineDiffs": false,
        "code": true
      },
      "version": "7.1.3"
    },
    "marge": {
      "options": {
        "id": "default",
        "reportDir": "cypress/results/mochawesome",
        "overwrite": false,
        "html": false,
        "json": true
      },
      "version": "6.2.0"
    }
  }
}