{
  "stats": {
    "suites": 1,
    "tests": 2,
    "passes": 2,
    "pending": 0,
    "failures": 0,
    "start": "2022-09-20T08:13:58.633Z",
    "end": "2022-09-20T08:14:08.650Z",
    "duration": 10017,
    "testsRegistered": 2,
    "passPercent": 100,
    "pendingPercent": 0,
    "other": 0,
    "hasOther": false,
    "skipped": 0,
    "hasSkipped": false
  },
  "results": [
    {
      "uuid": "f2059f0d-fabd-4ad9-8908-9a611073902d",
      "title": "",
      "fullFile": "cypress/integration/wpisywanie.js",
      "file": "cypress/integration/wpisywanie.js",
      "beforeHooks": [],
      "afterHooks": [],
      "tests": [],
      "suites": [
        {
          "uuid": "bcd8d10c-4804-4975-9f78-3844d4594caf",
          "title": "E2E - Akcja wpisywania",
          "fullFile": "",
          "file": "",
          "beforeHooks": [],
          "afterHooks": [],
          "tests": [
            {
              "title": "Wpisywanie wartosci w pole",
              "fullTitle": "E2E - Akcja wpisywania Wpisywanie wartosci w pole",
              "timedOut": null,
              "duration": 6173,
              "state": "passed",
              "speed": "medium",
              "pass": true,
              "fail": false,
              "pending": false,
              "context": null,
              "code": "cy.visit(\"/\");\ncy.searchPhrase(\"Przykładowy produkt{backspace}\", 12); // cy.get(\"#search_query_top\").type(\"Przykładowy produkt{backspace}\", {delay: 500})",
              "err": {},
              "uuid": "3ec35bd6-14c9-450e-96f2-c1bf44098b63",
              "parentUUID": "bcd8d10c-4804-4975-9f78-3844d4594caf",
              "isHook": false,
              "skipped": false
            },
            {
              "title": "Czyszczenie wartości z pola input",
              "fullTitle": "E2E - Akcja wpisywania Czyszczenie wartości z pola input",
              "timedOut": null,
              "duration": 3796,
              "state": "passed",
              "speed": "fast",
              "pass": true,
              "fail": false,
              "pending": false,
              "context": null,
              "code": "cy.visit(\"/\");\ncy.clearField();",
              "err": {},
              "uuid": "9195cdf0-0ee7-4ea1-8e03-0fc8b192029a",
              "parentUUID": "bcd8d10c-4804-4975-9f78-3844d4594caf",
              "isHook": false,
              "skipped": false
            }
          ],
          "suites": [],
          "passes": [
            "3ec35bd6-14c9-450e-96f2-c1bf44098b63",
            "9195cdf0-0ee7-4ea1-8e03-0fc8b192029a"
          ],
          "failures": [],
          "pending": [],
          "skipped": [],
          "duration": 9969,
          "root": false,
          "rootEmpty": false,
          "_timeout": 2000
        }
      ],
      "passes": [],
      "failures": [],
      "pending": [],
      "skipped": [],
      "duration": 0,
      "root": true,
      "rootEmpty": true,
      "_timeout": 2000
    }
  ],
  "meta": {
    "mocha": {
      "version": "7.0.1"
    },
    "mochawesome": {
      "options": {
        "quiet": false,
        "reportFilename": "mochawesome",
        "saveHtml": false,
        "saveJson": true,
        "consoleReporter": "spec",
        "useInlineDiffs": false,
        "code": true
      },
      "version": "7.1.3"
    },
    "marge": {
      "options": {
        "id": "default",
        "reportDir": "cypress/results/mochawesome",
        "overwrite": false,
        "html": false,
        "json": true
      },
      "version": "6.2.0"
    }
  }
}