{
  "stats": {
    "suites": 1,
    "tests": 1,
    "passes": 0,
    "pending": 0,
    "failures": 1,
    "start": "2022-09-20T08:12:46.838Z",
    "end": "2022-09-20T08:12:56.700Z",
    "duration": 9862,
    "testsRegistered": 1,
    "passPercent": 0,
    "pendingPercent": 0,
    "other": 0,
    "hasOther": false,
    "skipped": 0,
    "hasSkipped": false
  },
  "results": [
    {
      "uuid": "ba67059b-13ed-423c-b060-5e795fcf1e14",
      "title": "",
      "fullFile": "cypress/integration/lokalizatory.js",
      "file": "cypress/integration/lokalizatory.js",
      "beforeHooks": [],
      "afterHooks": [],
      "tests": [],
      "suites": [
        {
          "uuid": "0a7432f4-8bcb-47ba-83dd-48e52f6e53be",
          "title": "E2E - Lesson ",
          "fullFile": "",
          "file": "",
          "beforeHooks": [],
          "afterHooks": [],
          "tests": [
            {
              "title": "Should open home page -automationpractice",
              "fullTitle": "E2E - Lesson  Should open home page -automationpractice",
              "timedOut": null,
              "duration": 9774,
              "state": "failed",
              "speed": null,
              "pass": false,
              "fail": true,
              "pending": false,
              "context": null,
              "code": "cy.visit(\"/\"); //Po znaczniku \ncy.get(\"a\"); //identyfikator\ncy.get(\"#search_query_top\"); //Po klasie\ncy.get(\"\");",
              "err": {
                "message": "AssertionError: Timed out retrying after 4000ms: Expected to find element: ``, but never found it.",
                "estack": "AssertionError: Timed out retrying after 4000ms: Expected to find element: ``, but never found it.\n    at Context.eval (http://automationpractice.com/__cypress/tests?p=cypress\\integration\\lokalizatory.js:108:8)",
                "diff": null
              },
              "uuid": "eff7995b-e59b-437c-9f87-1c17a7d8556a",
              "parentUUID": "0a7432f4-8bcb-47ba-83dd-48e52f6e53be",
              "isHook": false,
              "skipped": false
            }
          ],
          "suites": [],
          "passes": [],
          "failures": [
            "eff7995b-e59b-437c-9f87-1c17a7d8556a"
          ],
          "pending": [],
          "skipped": [],
          "duration": 9774,
          "root": false,
          "rootEmpty": false,
          "_timeout": 2000
        }
      ],
      "passes": [],
      "failures": [],
      "pending": [],
      "skipped": [],
      "duration": 0,
      "root": true,
      "rootEmpty": true,
      "_timeout": 2000
    }
  ],
  "meta": {
    "mocha": {
      "version": "7.0.1"
    },
    "mochawesome": {
      "options": {
        "quiet": false,
        "reportFilename": "mochawesome",
        "saveHtml": false,
        "saveJson": true,
        "consoleReporter": "spec",
        "useInlineDiffs": false,
        "code": true
      },
      "version": "7.1.3"
    },
    "marge": {
      "options": {
        "id": "default",
        "reportDir": "cypress/results/mochawesome",
        "overwrite": false,
        "html": false,
        "json": true
      },
      "version": "6.2.0"
    }
  }
}