{
  "stats": {
    "suites": 1,
    "tests": 2,
    "passes": 2,
    "pending": 0,
    "failures": 0,
    "start": "2022-09-20T08:13:24.076Z",
    "end": "2022-09-20T08:13:44.725Z",
    "duration": 20649,
    "testsRegistered": 2,
    "passPercent": 100,
    "pendingPercent": 0,
    "other": 0,
    "hasOther": false,
    "skipped": 0,
    "hasSkipped": false
  },
  "results": [
    {
      "uuid": "7d8f0b80-0a44-4992-b9e0-a649208d44e4",
      "title": "",
      "fullFile": "cypress/integration/triger.js",
      "file": "cypress/integration/triger.js",
      "beforeHooks": [],
      "afterHooks": [],
      "tests": [],
      "suites": [
        {
          "uuid": "dde1c685-9d74-4b7a-b9ce-5df337de4f6a",
          "title": "E2E - skrolowanie / najechanie",
          "fullFile": "",
          "file": "",
          "beforeHooks": [],
          "afterHooks": [],
          "tests": [
            {
              "title": "najechanie na dany element",
              "fullTitle": "E2E - skrolowanie / najechanie najechanie na dany element",
              "timedOut": null,
              "duration": 20470,
              "state": "passed",
              "speed": "slow",
              "pass": true,
              "fail": false,
              "pending": false,
              "context": null,
              "code": "cy.visit(\"/\");\ncy.get('a[title=\"Dresses\"]').eq(1).trigger(\"focus\");\ncy.get('li.sfHover a[title=\"Summer Dresses\"]').click();",
              "err": {},
              "uuid": "5867c15f-672e-44ff-b9c9-4a50b823955c",
              "parentUUID": "dde1c685-9d74-4b7a-b9ce-5df337de4f6a",
              "isHook": false,
              "skipped": false
            },
            {
              "title": "skrolowanie do boxa special",
              "fullTitle": "E2E - skrolowanie / najechanie skrolowanie do boxa special",
              "timedOut": null,
              "duration": 114,
              "state": "passed",
              "speed": "fast",
              "pass": true,
              "fail": false,
              "pending": false,
              "context": null,
              "code": "cy.get('a[title=\"Specials\"]').first().scrollIntoView();",
              "err": {},
              "uuid": "87db59d3-b2f4-4b5d-9a60-836850904ece",
              "parentUUID": "dde1c685-9d74-4b7a-b9ce-5df337de4f6a",
              "isHook": false,
              "skipped": false
            }
          ],
          "suites": [],
          "passes": [
            "5867c15f-672e-44ff-b9c9-4a50b823955c",
            "87db59d3-b2f4-4b5d-9a60-836850904ece"
          ],
          "failures": [],
          "pending": [],
          "skipped": [],
          "duration": 20584,
          "root": false,
          "rootEmpty": false,
          "_timeout": 2000
        }
      ],
      "passes": [],
      "failures": [],
      "pending": [],
      "skipped": [],
      "duration": 0,
      "root": true,
      "rootEmpty": true,
      "_timeout": 2000
    }
  ],
  "meta": {
    "mocha": {
      "version": "7.0.1"
    },
    "mochawesome": {
      "options": {
        "quiet": false,
        "reportFilename": "mochawesome",
        "saveHtml": false,
        "saveJson": true,
        "consoleReporter": "spec",
        "useInlineDiffs": false,
        "code": true
      },
      "version": "7.1.3"
    },
    "marge": {
      "options": {
        "id": "default",
        "reportDir": "cypress/results/mochawesome",
        "overwrite": false,
        "html": false,
        "json": true
      },
      "version": "6.2.0"
    }
  }
}