{
  "stats": {
    "suites": 1,
    "tests": 1,
    "passes": 1,
    "pending": 0,
    "failures": 0,
    "start": "2022-09-20T08:13:17.062Z",
    "end": "2022-09-20T08:13:20.637Z",
    "duration": 3575,
    "testsRegistered": 1,
    "passPercent": 100,
    "pendingPercent": 0,
    "other": 0,
    "hasOther": false,
    "skipped": 0,
    "hasSkipped": false
  },
  "results": [
    {
      "uuid": "34d5d8fc-eb6c-4094-be2b-f08bdf08dd8c",
      "title": "",
      "fullFile": "cypress/integration/shadow.js",
      "file": "cypress/integration/shadow.js",
      "beforeHooks": [],
      "afterHooks": [],
      "tests": [],
      "suites": [
        {
          "uuid": "c218abae-20fa-4ca3-84ae-dabb535c5bbf",
          "title": "E2E - Shadow dom",
          "fullFile": "",
          "file": "",
          "beforeHooks": [],
          "afterHooks": [],
          "tests": [
            {
              "title": "Wykorzystanie metody shadow",
              "fullTitle": "E2E - Shadow dom Wykorzystanie metody shadow",
              "timedOut": null,
              "duration": 1243,
              "state": "passed",
              "speed": "fast",
              "pass": true,
              "fail": false,
              "pending": false,
              "context": null,
              "code": "cy.visit(\"https://www.htmlelements.com/demos/menu/shadow-dom/index.htm\");\ncy.get(\".smart-ui-component\").shadow().contains(\"Edit\").click();",
              "err": {},
              "uuid": "e98a8424-c51e-47d9-997c-5e68b93f9edb",
              "parentUUID": "c218abae-20fa-4ca3-84ae-dabb535c5bbf",
              "isHook": false,
              "skipped": false
            }
          ],
          "suites": [],
          "passes": [
            "e98a8424-c51e-47d9-997c-5e68b93f9edb"
          ],
          "failures": [],
          "pending": [],
          "skipped": [],
          "duration": 1243,
          "root": false,
          "rootEmpty": false,
          "_timeout": 2000
        }
      ],
      "passes": [],
      "failures": [],
      "pending": [],
      "skipped": [],
      "duration": 0,
      "root": true,
      "rootEmpty": true,
      "_timeout": 2000
    }
  ],
  "meta": {
    "mocha": {
      "version": "7.0.1"
    },
    "mochawesome": {
      "options": {
        "quiet": false,
        "reportFilename": "mochawesome",
        "saveHtml": false,
        "saveJson": true,
        "consoleReporter": "spec",
        "useInlineDiffs": false,
        "code": true
      },
      "version": "7.1.3"
    },
    "marge": {
      "options": {
        "id": "default",
        "reportDir": "cypress/results/mochawesome",
        "overwrite": false,
        "html": false,
        "json": true
      },
      "version": "6.2.0"
    }
  }
}