{
  "stats": {
    "suites": 1,
    "tests": 1,
    "passes": 1,
    "pending": 0,
    "failures": 0,
    "start": "2022-09-11T18:18:42.952Z",
    "end": "2022-09-11T18:18:57.975Z",
    "duration": 15023,
    "testsRegistered": 1,
    "passPercent": 100,
    "pendingPercent": 0,
    "other": 0,
    "hasOther": false,
    "skipped": 0,
    "hasSkipped": false
  },
  "results": [
    {
      "uuid": "f2e3430c-9963-492f-8e9d-d71490f4b091",
      "title": "",
      "fullFile": "cypress/integration/klikniecie.js",
      "file": "cypress/integration/klikniecie.js",
      "beforeHooks": [],
      "afterHooks": [],
      "tests": [],
      "suites": [
        {
          "uuid": "84b998f6-be4a-4127-9f1b-a7a4faed74c8",
          "title": "E2E - Akcje kliknięcia",
          "fullFile": "",
          "file": "",
          "beforeHooks": [],
          "afterHooks": [],
          "tests": [
            {
              "title": "Klikniecie na element",
              "fullTitle": "E2E - Akcje kliknięcia Klikniecie na element",
              "timedOut": null,
              "duration": 14985,
              "state": "passed",
              "speed": "slow",
              "pass": true,
              "fail": false,
              "pending": false,
              "context": null,
              "code": "cy.visit(\"/\");\ncy.contains('[title=\"Contact Us\"]', 'Contact us').click();\ncy.get('[title=\"Return to Home\"]').click();",
              "err": {},
              "uuid": "235235e0-2be6-495c-b61b-8a742f5e2139",
              "parentUUID": "84b998f6-be4a-4127-9f1b-a7a4faed74c8",
              "isHook": false,
              "skipped": false
            }
          ],
          "suites": [],
          "passes": [
            "235235e0-2be6-495c-b61b-8a742f5e2139"
          ],
          "failures": [],
          "pending": [],
          "skipped": [],
          "duration": 14985,
          "root": false,
          "rootEmpty": false,
          "_timeout": 2000
        }
      ],
      "passes": [],
      "failures": [],
      "pending": [],
      "skipped": [],
      "duration": 0,
      "root": true,
      "rootEmpty": true,
      "_timeout": 2000
    }
  ],
  "meta": {
    "mocha": {
      "version": "7.0.1"
    },
    "mochawesome": {
      "options": {
        "quiet": false,
        "reportFilename": "mochawesome",
        "saveHtml": false,
        "saveJson": true,
        "consoleReporter": "spec",
        "useInlineDiffs": false,
        "code": true
      },
      "version": "7.1.3"
    },
    "marge": {
      "options": {
        "id": "default",
        "reportDir": "cypress/results/mochawesome",
        "overwrite": false,
        "html": false,
        "json": true
      },
      "version": "6.2.0"
    }
  }
}