{
  "stats": {
    "suites": 1,
    "tests": 1,
    "passes": 1,
    "pending": 0,
    "failures": 0,
    "start": "2022-09-21T12:49:52.064Z",
    "end": "2022-09-21T12:50:08.916Z",
    "duration": 16852,
    "testsRegistered": 1,
    "passPercent": 100,
    "pendingPercent": 0,
    "other": 0,
    "hasOther": false,
    "skipped": 0,
    "hasSkipped": false
  },
  "results": [
    {
      "uuid": "02334213-aeed-4300-8d38-983edf750c2c",
      "title": "",
      "fullFile": "cypress/integration/visualTesting.js",
      "file": "cypress/integration/visualTesting.js",
      "beforeHooks": [],
      "afterHooks": [],
      "tests": [],
      "suites": [
        {
          "uuid": "7329aa11-4544-46df-bbf6-c537a48d2dc3",
          "title": "Visual Regression",
          "fullFile": "",
          "file": "",
          "beforeHooks": [],
          "afterHooks": [],
          "tests": [
            {
              "title": "Wczytywanie sie elementu",
              "fullTitle": "Visual Regression Wczytywanie sie elementu",
              "timedOut": null,
              "duration": 13214,
              "state": "passed",
              "speed": "slow",
              "pass": true,
              "fail": false,
              "pending": false,
              "context": null,
              "code": "cy.visit(\"https://picsum.photos/\"); // cy.get('header.content-section-light').then(image => {\n//     cy.wrap(image).toMatchImageSnapshot();\n// })\ncy.percySnapshot();",
              "err": {},
              "uuid": "c91f013a-997f-48d7-ab2f-732ededb5582",
              "parentUUID": "7329aa11-4544-46df-bbf6-c537a48d2dc3",
              "isHook": false,
              "skipped": false
            }
          ],
          "suites": [],
          "passes": [
            "c91f013a-997f-48d7-ab2f-732ededb5582"
          ],
          "failures": [],
          "pending": [],
          "skipped": [],
          "duration": 13214,
          "root": false,
          "rootEmpty": false,
          "_timeout": 2000
        }
      ],
      "passes": [],
      "failures": [],
      "pending": [],
      "skipped": [],
      "duration": 0,
      "root": true,
      "rootEmpty": true,
      "_timeout": 2000
    }
  ],
  "meta": {
    "mocha": {
      "version": "7.0.1"
    },
    "mochawesome": {
      "options": {
        "quiet": false,
        "reportFilename": "mochawesome",
        "saveHtml": false,
        "saveJson": true,
        "consoleReporter": "spec",
        "useInlineDiffs": false,
        "code": true
      },
      "version": "7.1.3"
    },
    "marge": {
      "options": {
        "id": "default",
        "reportDir": "cypress/results/mochawesome",
        "overwrite": false,
        "html": false,
        "json": true
      },
      "version": "6.2.0"
    }
  }
}