{
  "stats": {
    "suites": 1,
    "tests": 1,
    "passes": 0,
    "pending": 0,
    "failures": 1,
    "start": "2022-09-20T08:10:51.307Z",
    "end": "2022-09-20T08:10:52.519Z",
    "duration": 1212,
    "testsRegistered": 1,
    "passPercent": 0,
    "pendingPercent": 0,
    "other": 0,
    "hasOther": false,
    "skipped": 0,
    "hasSkipped": false
  },
  "results": [
    {
      "uuid": "70fb26e5-5df3-4dd4-acd0-d0426e43b039",
      "title": "",
      "fullFile": "cypress/integration/API/drugiTestAPI.js",
      "file": "cypress/integration/API/drugiTestAPI.js",
      "beforeHooks": [],
      "afterHooks": [],
      "tests": [],
      "suites": [
        {
          "uuid": "2afff0d0-9d5b-4042-be35-3dd99880aebc",
          "title": "Wykonywanie zapytanie bezpośrednio do API",
          "fullFile": "",
          "file": "",
          "beforeHooks": [],
          "afterHooks": [],
          "tests": [
            {
              "title": "Autoryzacja + Dodawanie nowego wpisu ",
              "fullTitle": "Wykonywanie zapytanie bezpośrednio do API Autoryzacja + Dodawanie nowego wpisu ",
              "timedOut": null,
              "duration": 1140,
              "state": "failed",
              "speed": null,
              "pass": false,
              "fail": true,
              "pending": false,
              "context": null,
              "code": "const daneAutoryzacja = {\n  \"user\": {\n    \"email\": \"pr.majerczyk@gmail.com\",\n    \"password\": \"Patryk123\"\n  }\n};\nconst daneArtykul = {\n  \"article\": {\n    \"tagList\": [\"test\"],\n    \"title\": \"przesylka bezposrednio z API\",\n    \"description\": \"test\",\n    \"body\": \"test test test\"\n  }\n};\ncy.request(\"POST\", \"https://api.realworld.io/api/users/login\", daneAutoryzacja).its(\"body\").then(res => {\n  const authToken = res.user.token;\n  cy.request({\n    method: \"POST\",\n    url: \"https://api.realworld.io/api/articles/\",\n    body: daneArtykul,\n    headers: {\n      'Authorization': 'Token ' + authToken\n    }\n  }).then(res => {\n    expect(res.status).to.equal(200);\n  });\n});",
              "err": {
                "message": "CypressError: `cy.request()` failed on:\n\nhttps://api.realworld.io/api/articles/\n\nThe response we received from your web server was:\n\n  > 422: Unprocessable Entity\n\nThis was considered a failure because the status code was not `2xx` or `3xx`.\n\nIf you do not want status codes to cause failures pass the option: `failOnStatusCode: false`\n\n-----------------------------------------------------------\n\nThe request we sent was:\n\nMethod: POST\nURL: https://api.realworld.io/api/articles/\nHeaders: {\n  \"Connection\": \"keep-alive\",\n  \"Authorization\": \"Token eyJhbGciOiJIUzI1NiIsInR5cCI6IkpXVCJ9.eyJlbWFpbCI6InByLm1hamVyY3p5a0BnbWFpbC5jb20iLCJ1c2VybmFtZSI6IlBhdHJ5ay1NYWplcmN6eWsiLCJpYXQiOjE2NjM2NjE0NTIsImV4cCI6MTY2ODg0NTQ1Mn0.eKBX4WdsjAmlkAjqRI7RB6QPIK0M5XHTZ78vHf7nD2c\",\n  \"user-agent\": \"Mozilla/5.0 (Windows NT 10.0; Win64; x64) AppleWebKit/537.36 (KHTML, like Gecko) Cypress/9.5.1 Chrome/94.0.4606.81 Electron/15.3.4 Safari/537.36\",\n  \"accept\": \"*/*\",\n  \"accept-encoding\": \"gzip, deflate\",\n  \"content-type\": \"application/json\",\n  \"content-length\": 116\n}\nBody: {\"article\":{\"tagList\":[\"test\"],\"title\":\"przesylka bezposrednio z API\",\"description\":\"test\",\"body\":\"test test test\"}}\n\n-----------------------------------------------------------\n\nThe response we got was:\n\nStatus: 422 - Unprocessable Entity\nHeaders: {\n  \"date\": \"Tue, 20 Sep 2022 08:10:52 GMT\",\n  \"content-type\": \"application/json; charset=utf-8\",\n  \"content-length\": \"39\",\n  \"connection\": \"keep-alive\",\n  \"x-powered-by\": \"Express\",\n  \"access-control-allow-origin\": \"*\",\n  \"etag\": \"W/\\\"27-BNeuaWQ7DHvW/r+pl+qdJiF06Is\\\"\",\n  \"via\": \"1.1 vegur\",\n  \"cf-cache-status\": \"DYNAMIC\",\n  \"report-to\": \"{\\\"endpoints\\\":[{\\\"url\\\":\\\"https:\\\\/\\\\/a.nel.cloudflare.com\\\\/report\\\\/v3?s=0sPY673g3vpRua4cWUFuSvN1H19P9JB6VNufvEpglmxDdAhlOdhm3WKPfk%2F8Ehh3eNvAeR6b446753er%2FEpz3z62Qo3SqBSajouNOTiEUdRioXAuNSLVCC%2FyF7g3Wz2iZsEU\\\"}],\\\"group\\\":\\\"cf-nel\\\",\\\"max_age\\\":604800}\",\n  \"nel\": \"{\\\"success_fraction\\\":0,\\\"report_to\\\":\\\"cf-nel\\\",\\\"max_age\\\":604800}\",\n  \"server\": \"cloudflare\",\n  \"cf-ray\": \"74d9164f4ff5c2e8-VIE\",\n  \"alt-svc\": \"h3=\\\":443\\\"; ma=86400, h3-29=\\\":443\\\"; ma=86400\"\n}\nBody: {\n  \"errors\": {\n    \"title\": [\n      \"must be unique\"\n    ]\n  }\n}\n\n\nhttps://on.cypress.io/request",
                "estack": "CypressError: `cy.request()` failed on:\n\nhttps://api.realworld.io/api/articles/\n\nThe response we received from your web server was:\n\n  > 422: Unprocessable Entity\n\nThis was considered a failure because the status code was not `2xx` or `3xx`.\n\nIf you do not want status codes to cause failures pass the option: `failOnStatusCode: false`\n\n-----------------------------------------------------------\n\nThe request we sent was:\n\nMethod: POST\nURL: https://api.realworld.io/api/articles/\nHeaders: {\n  \"Connection\": \"keep-alive\",\n  \"Authorization\": \"Token eyJhbGciOiJIUzI1NiIsInR5cCI6IkpXVCJ9.eyJlbWFpbCI6InByLm1hamVyY3p5a0BnbWFpbC5jb20iLCJ1c2VybmFtZSI6IlBhdHJ5ay1NYWplcmN6eWsiLCJpYXQiOjE2NjM2NjE0NTIsImV4cCI6MTY2ODg0NTQ1Mn0.eKBX4WdsjAmlkAjqRI7RB6QPIK0M5XHTZ78vHf7nD2c\",\n  \"user-agent\": \"Mozilla/5.0 (Windows NT 10.0; Win64; x64) AppleWebKit/537.36 (KHTML, like Gecko) Cypress/9.5.1 Chrome/94.0.4606.81 Electron/15.3.4 Safari/537.36\",\n  \"accept\": \"*/*\",\n  \"accept-encoding\": \"gzip, deflate\",\n  \"content-type\": \"application/json\",\n  \"content-length\": 116\n}\nBody: {\"article\":{\"tagList\":[\"test\"],\"title\":\"przesylka bezposrednio z API\",\"description\":\"test\",\"body\":\"test test test\"}}\n\n-----------------------------------------------------------\n\nThe response we got was:\n\nStatus: 422 - Unprocessable Entity\nHeaders: {\n  \"date\": \"Tue, 20 Sep 2022 08:10:52 GMT\",\n  \"content-type\": \"application/json; charset=utf-8\",\n  \"content-length\": \"39\",\n  \"connection\": \"keep-alive\",\n  \"x-powered-by\": \"Express\",\n  \"access-control-allow-origin\": \"*\",\n  \"etag\": \"W/\\\"27-BNeuaWQ7DHvW/r+pl+qdJiF06Is\\\"\",\n  \"via\": \"1.1 vegur\",\n  \"cf-cache-status\": \"DYNAMIC\",\n  \"report-to\": \"{\\\"endpoints\\\":[{\\\"url\\\":\\\"https:\\\\/\\\\/a.nel.cloudflare.com\\\\/report\\\\/v3?s=0sPY673g3vpRua4cWUFuSvN1H19P9JB6VNufvEpglmxDdAhlOdhm3WKPfk%2F8Ehh3eNvAeR6b446753er%2FEpz3z62Qo3SqBSajouNOTiEUdRioXAuNSLVCC%2FyF7g3Wz2iZsEU\\\"}],\\\"group\\\":\\\"cf-nel\\\",\\\"max_age\\\":604800}\",\n  \"nel\": \"{\\\"success_fraction\\\":0,\\\"report_to\\\":\\\"cf-nel\\\",\\\"max_age\\\":604800}\",\n  \"server\": \"cloudflare\",\n  \"cf-ray\": \"74d9164f4ff5c2e8-VIE\",\n  \"alt-svc\": \"h3=\\\":443\\\"; ma=86400, h3-29=\\\":443\\\"; ma=86400\"\n}\nBody: {\n  \"errors\": {\n    \"title\": [\n      \"must be unique\"\n    ]\n  }\n}\n\n\nhttps://on.cypress.io/request\n    at http://automationpractice.com/__cypress/runner/cypress_runner.js:160634:80\n    at tryCatcher (http://automationpractice.com/__cypress/runner/cypress_runner.js:13022:23)\n    at Promise._settlePromiseFromHandler (http://automationpractice.com/__cypress/runner/cypress_runner.js:10957:31)\n    at Promise._settlePromise (http://automationpractice.com/__cypress/runner/cypress_runner.js:11014:18)\n    at Promise._settlePromise0 (http://automationpractice.com/__cypress/runner/cypress_runner.js:11059:10)\n    at Promise._settlePromises (http://automationpractice.com/__cypress/runner/cypress_runner.js:11139:18)\n    at _drainQueueStep (http://automationpractice.com/__cypress/runner/cypress_runner.js:7729:12)\n    at _drainQueue (http://automationpractice.com/__cypress/runner/cypress_runner.js:7722:9)\n    at Async.../../node_modules/bluebird/js/release/async.js.Async._drainQueues (http://automationpractice.com/__cypress/runner/cypress_runner.js:7738:5)\n    at Async.drainQueues (http://automationpractice.com/__cypress/runner/cypress_runner.js:7608:14)\nFrom Your Spec Code:\n    at Context.eval (http://automationpractice.com/__cypress/tests?p=cypress\\integration\\API\\drugiTestAPI.js:123:10)",
                "diff": null
              },
              "uuid": "29b635bb-d90c-4dff-87a0-d46a36e6a0d2",
              "parentUUID": "2afff0d0-9d5b-4042-be35-3dd99880aebc",
              "isHook": false,
              "skipped": false
            }
          ],
          "suites": [],
          "passes": [],
          "failures": [
            "29b635bb-d90c-4dff-87a0-d46a36e6a0d2"
          ],
          "pending": [],
          "skipped": [],
          "duration": 1140,
          "root": false,
          "rootEmpty": false,
          "_timeout": 2000
        }
      ],
      "passes": [],
      "failures": [],
      "pending": [],
      "skipped": [],
      "duration": 0,
      "root": true,
      "rootEmpty": true,
      "_timeout": 2000
    }
  ],
  "meta": {
    "mocha": {
      "version": "7.0.1"
    },
    "mochawesome": {
      "options": {
        "quiet": false,
        "reportFilename": "mochawesome",
        "saveHtml": false,
        "saveJson": true,
        "consoleReporter": "spec",
        "useInlineDiffs": false,
        "code": true
      },
      "version": "7.1.3"
    },
    "marge": {
      "options": {
        "id": "default",
        "reportDir": "cypress/results/mochawesome",
        "overwrite": false,
        "html": false,
        "json": true
      },
      "version": "6.2.0"
    }
  }
}