{
  "stats": {
    "suites": 1,
    "tests": 1,
    "passes": 1,
    "pending": 0,
    "failures": 0,
    "start": "2022-09-20T08:12:38.794Z",
    "end": "2022-09-20T08:12:43.867Z",
    "duration": 5073,
    "testsRegistered": 1,
    "passPercent": 100,
    "pendingPercent": 0,
    "other": 0,
    "hasOther": false,
    "skipped": 0,
    "hasSkipped": false
  },
  "results": [
    {
      "uuid": "470504be-e32a-4305-bc58-f5a5e1901d65",
      "title": "",
      "fullFile": "cypress/integration/lighthouse.js",
      "file": "cypress/integration/lighthouse.js",
      "beforeHooks": [],
      "afterHooks": [],
      "tests": [],
      "suites": [
        {
          "uuid": "ad58d370-f2b6-4c97-95bb-0550d0884729",
          "title": "Lighthouse test",
          "fullFile": "",
          "file": "",
          "beforeHooks": [],
          "afterHooks": [],
          "tests": [
            {
              "title": "Pierwszy test LightHouse",
              "fullTitle": "Lighthouse test Pierwszy test LightHouse",
              "timedOut": null,
              "duration": 2160,
              "state": "passed",
              "speed": "fast",
              "pass": true,
              "fail": false,
              "pending": false,
              "context": null,
              "code": "cy.visit(\"https://testowanie-oprogramowania.pl\");\ncy.lighthouse({\n  performance: 85,\n  accessibility: 100,\n  \"best-practies\": 85,\n  seo: 85,\n  pwa: 100\n});",
              "err": {},
              "uuid": "fe699659-9d6e-4681-aa52-8079022eb487",
              "parentUUID": "ad58d370-f2b6-4c97-95bb-0550d0884729",
              "isHook": false,
              "skipped": false
            }
          ],
          "suites": [],
          "passes": [
            "fe699659-9d6e-4681-aa52-8079022eb487"
          ],
          "failures": [],
          "pending": [],
          "skipped": [],
          "duration": 2160,
          "root": false,
          "rootEmpty": false,
          "_timeout": 2000
        }
      ],
      "passes": [],
      "failures": [],
      "pending": [],
      "skipped": [],
      "duration": 0,
      "root": true,
      "rootEmpty": true,
      "_timeout": 2000
    }
  ],
  "meta": {
    "mocha": {
      "version": "7.0.1"
    },
    "mochawesome": {
      "options": {
        "quiet": false,
        "reportFilename": "mochawesome",
        "saveHtml": false,
        "saveJson": true,
        "consoleReporter": "spec",
        "useInlineDiffs": false,
        "code": true
      },
      "version": "7.1.3"
    },
    "marge": {
      "options": {
        "id": "default",
        "reportDir": "cypress/results/mochawesome",
        "overwrite": false,
        "html": false,
        "json": true
      },
      "version": "6.2.0"
    }
  }
}