<?xml version="1.0" encoding="UTF-8"?>
<testsuites name="Mocha Tests" time="13.8330" tests="1" failures="0">
  <testsuite name="Root Suite" timestamp="2022-09-20T08:13:00" tests="0" file="cypress/integration/select.js" time="0.0000" failures="0">
  </testsuite>
  <testsuite name="E2E - Akcja wybrania opcji select" timestamp="2022-09-20T08:13:00" tests="1" time="13.8080" failures="0">
    <testcase name="E2E - Akcja wybrania opcji select Choose all options" time="13.7520" classname="Choose all options">
    </testcase>
  </testsuite>
</testsuites>