<?xml version="1.0" encoding="UTF-8"?>
<testsuites name="Mocha Tests" time="5.0920" tests="1" failures="0">
  <testsuite name="Root Suite" timestamp="2022-09-20T08:11:13" tests="0" file="cypress/integration/asercje.js" time="0.0000" failures="0">
  </testsuite>
  <testsuite name="E2E - Asercje" timestamp="2022-09-20T08:11:13" tests="1" time="5.0790" failures="0">
    <testcase name="E2E - Asercje Asercje expect oraz should" time="4.9680" classname="Asercje expect oraz should">
    </testcase>
  </testsuite>
</testsuites>