<?xml version="1.0" encoding="UTF-8"?>
<testsuites name="Mocha Tests" time="8.0120" tests="1" failures="0">
  <testsuite name="Root Suite" timestamp="2022-09-20T08:13:47" tests="0" file="cypress/integration/wgrywaniePliku.js" time="0.0000" failures="0">
  </testsuite>
  <testsuite name="E2E - Wgrywanie pliku" timestamp="2022-09-20T08:13:47" tests="1" time="7.9980" failures="0">
    <testcase name="E2E - Wgrywanie pliku Wgrywanie pliku do inputa w contact us" time="7.9780" classname="Wgrywanie pliku do inputa w contact us">
    </testcase>
  </testsuite>
</testsuites>