<?xml version="1.0" encoding="UTF-8"?>
<testsuites name="Mocha Tests" time="5.0730" tests="1" failures="0">
  <testsuite name="Root Suite" timestamp="2022-09-20T08:12:38" tests="0" file="cypress/integration/lighthouse.js" time="0.0000" failures="0">
  </testsuite>
  <testsuite name="Lighthouse test" timestamp="2022-09-20T08:12:38" tests="1" time="5.0550" failures="0">
    <testcase name="Lighthouse test Pierwszy test LightHouse" time="2.1600" classname="Pierwszy test LightHouse">
    </testcase>
  </testsuite>
</testsuites>