<?xml version="1.0" encoding="UTF-8"?>
<testsuites name="Mocha Tests" time="5.1650" tests="1" failures="0">
  <testsuite name="Root Suite" timestamp="2022-09-20T08:11:21" tests="0" file="cypress/integration/checkbox.js" time="0.0000" failures="0">
  </testsuite>
  <testsuite name="E2E - Akcje kliknięcia checkbox" timestamp="2022-09-20T08:11:21" tests="1" time="5.1490" failures="0">
    <testcase name="E2E - Akcje kliknięcia checkbox Checkbox" time="5.1280" classname="Checkbox">
    </testcase>
  </testsuite>
</testsuites>