<?xml version="1.0" encoding="UTF-8"?>
<testsuites name="Mocha Tests" time="3.5750" tests="1" failures="0">
  <testsuite name="Root Suite" timestamp="2022-09-20T08:13:17" tests="0" file="cypress/integration/shadow.js" time="0.0000" failures="0">
  </testsuite>
  <testsuite name="E2E - Shadow dom" timestamp="2022-09-20T08:13:17" tests="1" time="3.5610" failures="0">
    <testcase name="E2E - Shadow dom Wykorzystanie metody shadow" time="1.2430" classname="Wykorzystanie metody shadow">
    </testcase>
  </testsuite>
</testsuites>