<?xml version="1.0" encoding="UTF-8"?>
<testsuites name="Mocha Tests" time="5.8410" tests="1" failures="0">
  <testsuite name="Root Suite" timestamp="2022-09-20T08:11:36" tests="0" file="cypress/integration/customCommands.js" time="0.0000" failures="0">
  </testsuite>
  <testsuite name="E2E - CustomCommands" timestamp="2022-09-20T08:11:36" tests="1" time="5.8250" failures="0">
    <testcase name="E2E - CustomCommands Przyklad zastosowane komendy" time="5.8250" classname="Przyklad zastosowane komendy">
    </testcase>
  </testsuite>
</testsuites>