<?xml version="1.0" encoding="UTF-8"?>
<testsuites name="Mocha Tests" time="11.9490" tests="1" failures="0">
  <testsuite name="Root Suite" timestamp="2022-09-20T08:11:45" tests="0" file="cypress/integration/examplePageObjectModel.js" time="0.0000" failures="0">
  </testsuite>
  <testsuite name="E2E - Akcja wybrania opcji select" timestamp="2022-09-20T08:11:45" tests="1" time="11.9350" failures="0">
    <testcase name="E2E - Akcja wybrania opcji select Choose all options" time="11.8910" classname="Choose all options">
    </testcase>
  </testsuite>
</testsuites>